unityLibrary/build/intermediates/manifest_merge_blame_file/debug/manifest-merger-blame-debug-report.txt
1<?xml version="1.0" encoding="utf-8"?>
2<manifest xmlns:android="http://schemas.android.com/apk/res/android"
3    xmlns:tools="http://schemas.android.com/tools"
4    package="com.unity3d.player" >
5
6    <uses-sdk
7        android:minSdkVersion="22"
7-->src\main\AndroidManifest.xml
8        android:targetSdkVersion="32" />
8-->src\main\AndroidManifest.xml
9
10    <uses-permission android:name="android.permission.INTERNET" />
10-->src\main\AndroidManifest.xml:3:3-65
10-->src\main\AndroidManifest.xml:3:20-62
11
12    <uses-feature android:glEsVersion="0x00020000" />
12-->src\main\AndroidManifest.xml:4:3-52
12-->src\main\AndroidManifest.xml:4:17-49
13    <uses-feature
13-->src\main\AndroidManifest.xml:5:3-88
14        android:name="android.hardware.touchscreen"
14-->src\main\AndroidManifest.xml:5:17-60
15        android:required="false" />
15-->src\main\AndroidManifest.xml:5:61-85
16    <uses-feature
16-->src\main\AndroidManifest.xml:6:3-99
17        android:name="android.hardware.touchscreen.multitouch"
17-->src\main\AndroidManifest.xml:6:17-71
18        android:required="false" />
18-->src\main\AndroidManifest.xml:6:72-96
19    <uses-feature
19-->src\main\AndroidManifest.xml:7:3-108
20        android:name="android.hardware.touchscreen.multitouch.distinct"
20-->src\main\AndroidManifest.xml:7:17-80
21        android:required="false" />
21-->src\main\AndroidManifest.xml:7:81-105
22
23    <application
23-->src\main\AndroidManifest.xml:8:3-22:17
24        android:extractNativeLibs="true"
24-->src\main\AndroidManifest.xml:8:16-48
25        android:isGame="true" >
25-->src\main\AndroidManifest.xml:8:49-70
26        <meta-data
26-->src\main\AndroidManifest.xml:9:5-69
27            android:name="unity.splash-mode"
27-->src\main\AndroidManifest.xml:9:16-48
28            android:value="0" />
28-->src\main\AndroidManifest.xml:9:49-66
29        <meta-data
29-->src\main\AndroidManifest.xml:10:5-74
30            android:name="unity.splash-enable"
30-->src\main\AndroidManifest.xml:10:16-50
31            android:value="True" />
31-->src\main\AndroidManifest.xml:10:51-71
32        <meta-data
32-->src\main\AndroidManifest.xml:11:5-78
33            android:name="unity.launch-fullscreen"
33-->src\main\AndroidManifest.xml:11:16-54
34            android:value="True" />
34-->src\main\AndroidManifest.xml:11:55-75
35        <meta-data
35-->src\main\AndroidManifest.xml:12:5-84
36            android:name="unity.allow-resizable-window"
36-->src\main\AndroidManifest.xml:12:16-59
37            android:value="False" />
37-->src\main\AndroidManifest.xml:12:60-81
38        <meta-data
38-->src\main\AndroidManifest.xml:13:5-84
39            android:name="unity.auto-report-fully-drawn"
39-->src\main\AndroidManifest.xml:13:16-60
40            android:value="true" />
40-->src\main\AndroidManifest.xml:13:61-81
41
42        <activity
42-->src\main\AndroidManifest.xml:14:5-21:16
43            android:name="com.unity3d.player.UnityPlayerActivity"
43-->src\main\AndroidManifest.xml:14:15-68
44            android:configChanges="mcc|mnc|locale|touchscreen|keyboard|keyboardHidden|navigation|orientation|screenLayout|uiMode|screenSize|smallestScreenSize|fontScale|layoutDirection|density"
44-->src\main\AndroidManifest.xml:14:180-361
45            android:exported="true"
45-->src\main\AndroidManifest.xml:14:433-456
46            android:hardwareAccelerated="false"
46-->src\main\AndroidManifest.xml:14:397-432
47            android:launchMode="singleTask"
47-->src\main\AndroidManifest.xml:14:148-179
48            android:resizeableActivity="false"
48-->src\main\AndroidManifest.xml:14:362-396
49            android:screenOrientation="fullUser"
49-->src\main\AndroidManifest.xml:14:111-147
50            android:theme="@style/UnityThemeSelector" >
50-->src\main\AndroidManifest.xml:14:69-110
51            <intent-filter>
51-->src\main\AndroidManifest.xml:15:7-19:23
52                <category android:name="android.intent.category.LAUNCHER" />
52-->src\main\AndroidManifest.xml:16:9-69
52-->src\main\AndroidManifest.xml:16:19-66
53                <category android:name="android.intent.category.LEANBACK_LAUNCHER" />
53-->src\main\AndroidManifest.xml:17:9-78
53-->src\main\AndroidManifest.xml:17:19-75
54
55                <action android:name="android.intent.action.MAIN" />
55-->src\main\AndroidManifest.xml:18:9-61
55-->src\main\AndroidManifest.xml:18:17-58
56            </intent-filter>
57
58            <meta-data
58-->src\main\AndroidManifest.xml:20:7-82
59                android:name="unityplayer.UnityActivity"
59-->src\main\AndroidManifest.xml:20:18-58
60                android:value="true" />
60-->src\main\AndroidManifest.xml:20:59-79
61        </activity>
62    </application>
63
64</manifest>